<?xml version="1.0" encoding="UTF-8"?>
<testsuite name="cps.CasosDePruebaTests" tests="5" skipped="0" failures="0" errors="0" timestamp="2023-12-03T01:08:19" hostname="MCEX5BXA6.corporacionbci.cl" time="75.615">
  <properties/>
  <testcase name="CP002_Login_Exitoso()" classname="cps.CasosDePruebaTests" time="22.633"/>
  <testcase name="CP005_Cambiar_Idioma_Pagina()" classname="cps.CasosDePruebaTests" time="9.294"/>
  <testcase name="CP003_Cambiar_Calve()" classname="cps.CasosDePruebaTests" time="15.231"/>
  <testcase name="CP001_Login_Fallido()" classname="cps.CasosDePruebaTests" time="18.386"/>
  <testcase name="CP004_Guia_Inicio()" classname="cps.CasosDePruebaTests" time="10.071"/>
  <system-out><![CDATA[Usuario o contraseña no reconocidos. ¿Olvidaste tu contraseña?
]]></system-out>
  <system-err><![CDATA[Starting ChromeDriver 119.0.6045.105 (38c72552c5e15ba9b3117c0967a0fd105072d7c6-refs/branch-heads/6045@{#1103}) on port 42137
Only local connections are allowed.
Please see https://chromedriver.chromium.org/security-considerations for suggestions on keeping ChromeDriver safe.
ChromeDriver was started successfully.
dic. 02, 2023 10:08:21 P. M. org.openqa.selenium.remote.ProtocolHandshake createSession
INFORMACIÓN: Detected dialect: W3C
Starting ChromeDriver 119.0.6045.105 (38c72552c5e15ba9b3117c0967a0fd105072d7c6-refs/branch-heads/6045@{#1103}) on port 13672
Only local connections are allowed.
Please see https://chromedriver.chromium.org/security-considerations for suggestions on keeping ChromeDriver safe.
ChromeDriver was started successfully.
dic. 02, 2023 10:08:43 P. M. org.openqa.selenium.remote.ProtocolHandshake createSession
INFORMACIÓN: Detected dialect: W3C
Starting ChromeDriver 119.0.6045.105 (38c72552c5e15ba9b3117c0967a0fd105072d7c6-refs/branch-heads/6045@{#1103}) on port 43753
Only local connections are allowed.
Please see https://chromedriver.chromium.org/security-considerations for suggestions on keeping ChromeDriver safe.
ChromeDriver was started successfully.
dic. 02, 2023 10:08:52 P. M. org.openqa.selenium.remote.ProtocolHandshake createSession
INFORMACIÓN: Detected dialect: W3C
Starting ChromeDriver 119.0.6045.105 (38c72552c5e15ba9b3117c0967a0fd105072d7c6-refs/branch-heads/6045@{#1103}) on port 3165
Only local connections are allowed.
Please see https://chromedriver.chromium.org/security-considerations for suggestions on keeping ChromeDriver safe.
ChromeDriver was started successfully.
dic. 02, 2023 10:09:07 P. M. org.openqa.selenium.remote.ProtocolHandshake createSession
INFORMACIÓN: Detected dialect: W3C
Starting ChromeDriver 119.0.6045.105 (38c72552c5e15ba9b3117c0967a0fd105072d7c6-refs/branch-heads/6045@{#1103}) on port 21758
Only local connections are allowed.
Please see https://chromedriver.chromium.org/security-considerations for suggestions on keeping ChromeDriver safe.
ChromeDriver was started successfully.
dic. 02, 2023 10:09:26 P. M. org.openqa.selenium.remote.ProtocolHandshake createSession
INFORMACIÓN: Detected dialect: W3C
]]></system-err>
</testsuite>
